
> nextjs@0.1.0 dev
> next dev

  ▲ Next.js 13.5.1
  - Local:        http://localhost:3000
  - Environments: .env.local, .env

 ✓ Ready in 2.9s
 ✓ Compiled /page in 3s (500 modules)
 ✓ Compiled in 768ms (261 modules)
TypeError [ERR_INVALID_ARG_TYPE]: The "code" argument must be of type number. Received type string ('SIGTERM')
    at process.set [as exitCode] (node:internal/bootstrap/node:122:9)
    at process.exit (node:internal/process/per_thread:189:24)
    at process.cleanup (/Users/user/Workspace/Projects/Strucureo_Projects/Harry_projects/Elephant Production/node_modules/next/dist/server/lib/start-server.js:208:29)
    at process.emit (node:events:530:35)
    at Signal.callbackTrampoline (node:internal/async_hooks:130:17) {
  code: 'ERR_INVALID_ARG_TYPE'
}
TypeError [ERR_INVALID_ARG_TYPE]: The "code" argument must be of type number. Received type string ('SIGTERM')
    at process.set [as exitCode] (node:internal/bootstrap/node:122:9)
    at process.exit (node:internal/process/per_thread:189:24)
    at process.cleanup (/Users/user/Workspace/Projects/Strucureo_Projects/Harry_projects/Elephant Production/node_modules/next/dist/server/lib/start-server.js:208:29)
    at process.emit (node:events:530:35)
    at Signal.callbackTrampoline (node:internal/async_hooks:130:17) {
  code: 'ERR_INVALID_ARG_TYPE'
}
[?25h
 X uncaughtException: TypeError [ERR_INVALID_ARG_TYPE]: The "code" argument must be of type number. Received type string ('SIGTERM')
    at process.set [as exitCode] (node:internal/bootstrap/node:122:9)
    at process.exit (node:internal/process/per_thread:189:24)
    at process.cleanup (/Users/user/Workspace/Projects/Strucureo_Projects/Harry_projects/Elephant Production/node_modules/next/dist/server/lib/start-server.js:208:29)
    at process.emit (node:events:530:35)
    at Signal.callbackTrampoline (node:internal/async_hooks:130:17) {
  code: 'ERR_INVALID_ARG_TYPE'
}
 X uncaughtException: TypeError [ERR_INVALID_ARG_TYPE]: The "code" argument must be of type number. Received type string ('SIGTERM')
    at process.set [as exitCode] (node:internal/bootstrap/node:122:9)
    at process.exit (node:internal/process/per_thread:189:24)
    at process.cleanup (/Users/user/Workspace/Projects/Strucureo_Projects/Harry_projects/Elephant Production/node_modules/next/dist/server/lib/start-server.js:208:29)
    at process.emit (node:events:530:35)
    at Signal.callbackTrampoline (node:internal/async_hooks:130:17) {
  code: 'ERR_INVALID_ARG_TYPE'
}
 ⚠ Found a change in next.config.js. Restarting the server to apply the changes...
